TN:
SF:/home/anibal/Documentos/Personal Programs/solidity-shell/contracts/ERC223Basic.sol
FNF:0
FNH:0
LF:0
LH:0
BRF:0
BRH:0
end_of_record
TN:
SF:/home/anibal/Documentos/Personal Programs/solidity-shell/contracts/ERC223BasicToken.sol
FN:13,
FN:29,transfer
FN:56,transfer
FNF:3
FNH:2
FNDA:0,
FNDA:2,transfer
FNDA:2,transfer
DA:15,0
DA:32,2
DA:33,2
DA:37,2
DA:38,1
DA:39,0
DA:40,0
DA:43,1
DA:57,2
DA:58,2
DA:59,1
LF:11
LH:8
BRDA:37,1,0,1
BRDA:37,1,1,1
BRDA:38,2,0,0
BRDA:38,2,1,1
BRDA:58,3,0,1
BRDA:58,3,1,1
BRF:6
BRH:5
end_of_record
TN:
SF:/home/anibal/Documentos/Personal Programs/solidity-shell/contracts/ERC223ReceivingContract.sol
FNF:0
FNH:0
LF:0
LH:0
BRF:0
BRH:0
end_of_record
TN:
SF:/home/anibal/Documentos/Personal Programs/solidity-shell/contracts/ExampleToken.sol
FN:16,ExampleToken
FNF:1
FNH:1
FNDA:1,ExampleToken
LF:0
LH:0
BRF:0
BRH:0
end_of_record
